<?xml version="1.0" encoding="UTF-8"?>
<!-- Generated by org.testng.reporters.JUnitXMLReporter -->
<testsuite hostname="LAPTOP-HC64QLTM" ignored="0" name="Default test" tests="5" failures="0" timestamp="2019-12-16T23:10:27 IST" time="5.878" errors="0">
  <testcase name="createNewStudent" time="3.477" classname="com.student.tests.CurdTest"/>
  <testcase name="createNewStudent" time="0.086" classname="com.student.tests.CurdTest"/>
  <testcase name="createNewStudent" time="0.076" classname="com.student.tests.CurdTest"/>
  <testcase name="getAllStudents" time="0.167" classname="com.student.tests.CurdTest"/>
  <testcase name="testThree" time="0.006" classname="com.student.tests.CurdTest"/>
</testsuite> <!-- Default test -->
