<?xml version="1.0" encoding="UTF-8"?>
<!-- Generated by org.testng.reporters.JUnitXMLReporter -->
<testsuite hostname="LAPTOP-HC64QLTM" ignored="0" name="Test" tests="3" failures="0" timestamp="2019-12-15T17:42:34 IST" time="4.889" errors="0">
  <testcase name="createNewStudent" time="3.5" classname="com.student.tests.CurdTest"/>
  <testcase name="getAllStudents" time="0.149" classname="com.student.tests.CurdTest"/>
  <testcase name="testThree" time="0.016" classname="com.student.tests.CurdTest"/>
</testsuite> <!-- Test -->
