<?xml version="1.0" encoding="UTF-8"?>
<testsuite xmlns:xsi="http://www.w3.org/2001/XMLSchema-instance" xsi:noNamespaceSchemaLocation="https://maven.apache.org/surefire/maven-surefire-plugin/xsd/surefire-test-report-3.0.xsd" version="3.0" name="TestSuite" time="8.502" tests="3" errors="0" skipped="0" failures="0">
  <properties>
[...]
</properties>
  <testcase name="createNewStudent" classname="com.student.tests.CurdTest" time="3.596"/>
  <testcase name="getAllStudents" classname="com.student.tests.CurdTest" time="2.25"/>
  <testcase name="testThree" classname="com.student.tests.CurdTest" time="0.002"/>
</testsuite>