<?xml version="1.0" encoding="UTF-8"?>
<!-- Generated by org.testng.reporters.JUnitXMLReporter -->
<testsuite hostname="LAPTOP-HC64QLTM" ignored="0" name="Test" tests="3" failures="0" timestamp="2019-12-15T17:50:58 IST" time="5.013" errors="0">
  <testcase name="createNewStudent" time="3.592" classname="com.student.tests.CurdTest"/>
  <testcase name="getAllStudents" time="0.194" classname="com.student.tests.CurdTest"/>
  <testcase name="testThree" time="0.006" classname="com.student.tests.CurdTest"/>
</testsuite> <!-- Test -->
